2023-01-15 00:02:45.963 [DEBU] {f28d37e458383a1789ddf37d54431c9d} [  5 ms] [default] [shop] [rows:9  ] SHOW FULL COLUMNS FROM `admin_info`
2023-01-15 00:02:45.965 [DEBU] {f3168fe458383a178addf37d2c0786e7} [  1 ms] [default] [shop] [rows:1  ] SELECT `id`,`name`,`password`,`role_ids`,`created_at`,`updated_at`,`deleted_at`,`user_salt`,`is_admin` FROM `admin_info` WHERE (`name`='song') AND `deleted_at` IS NULL LIMIT 1
2023-01-15 00:02:45.968 [DEBU] {5c42c2e458383a178bddf37d2783692e} [  1 ms] [default] [shop] [rows:1  ] SELECT `id`,`name`,`password`,`role_ids`,`created_at`,`updated_at`,`deleted_at`,`user_salt`,`is_admin` FROM `admin_info` WHERE (`id`='3') AND `deleted_at` IS NULL LIMIT 1
2023-01-15 00:02:45.972 [DEBU] {1556dce458383a178cddf37dcf0a1355} [  3 ms] [default] [shop] [rows:5  ] SHOW FULL COLUMNS FROM `role_permission_info`
2023-01-15 00:02:45.973 [DEBU] {0a410ee558383a178dddf37df8b7442d} [  1 ms] [default] [shop] [rows:0  ] SELECT `id`,`role_id`,`permission_id`,`created_at`,`updated_at` FROM `role_permission_info` WHERE `role_id` IN ('2')
2023-01-15 00:02:45.978 [DEBU] {c3c524e558383a178eddf37ddd3ea078} [  4 ms] [default] [shop] [rows:6  ] SHOW FULL COLUMNS FROM `permission_info`
2023-01-15 00:02:45.979 [DEBU] {4fa168e558383a178fddf37d8507f5f0} [  1 ms] [default] [shop] [rows:0  ] SELECT `id`,`name`,`path`,`created_at`,`updated_at`,`deleted_at` FROM `permission_info` WHERE (0=1) AND `deleted_at` IS NULL
2023-01-15 00:09:54.064 [DEBU] {0e69fd90bc383a1700cd900faf5cf0df} [  5 ms] [default] [shop] [rows:9  ] SHOW FULL COLUMNS FROM `admin_info`
2023-01-15 00:09:54.066 [DEBU] {e3fa6091bc383a1701cd900fdf743f98} [  1 ms] [default] [shop] [rows:1  ] SELECT `id`,`name`,`password`,`role_ids`,`created_at`,`updated_at`,`deleted_at`,`user_salt`,`is_admin` FROM `admin_info` WHERE (`name`='song') AND `deleted_at` IS NULL LIMIT 1
2023-01-15 00:09:54.069 [DEBU] {7c749491bc383a1702cd900f5a534ace} [  1 ms] [default] [shop] [rows:1  ] SELECT `id`,`name`,`password`,`role_ids`,`created_at`,`updated_at`,`deleted_at`,`user_salt`,`is_admin` FROM `admin_info` WHERE (`id`='3') AND `deleted_at` IS NULL LIMIT 1
2023-01-15 00:09:54.074 [DEBU] {3b7da891bc383a1703cd900f6de5702d} [  4 ms] [default] [shop] [rows:5  ] SHOW FULL COLUMNS FROM `role_permission_info`
2023-01-15 00:09:54.075 [DEBU] {7e4fe991bc383a1704cd900f0f43b597} [  1 ms] [default] [shop] [rows:0  ] SELECT `id`,`role_id`,`permission_id`,`created_at`,`updated_at` FROM `role_permission_info` WHERE `role_id` IN ('2')
2023-01-15 00:09:54.078 [DEBU] {50d9fc91bc383a1705cd900f1639aa54} [  3 ms] [default] [shop] [rows:6  ] SHOW FULL COLUMNS FROM `permission_info`
2023-01-15 00:09:54.079 [DEBU] {0f062d92bc383a1706cd900f6c583790} [  1 ms] [default] [shop] [rows:0  ] SELECT `id`,`name`,`path`,`created_at`,`updated_at`,`deleted_at` FROM `permission_info` WHERE (0=1) AND `deleted_at` IS NULL
2023-01-15 00:15:13.861 [DEBU] {507c6b0607393a17a124250a1dc5afe9} [  5 ms] [default] [shop] [rows:9  ] SHOW FULL COLUMNS FROM `admin_info`
2023-01-15 00:15:13.863 [DEBU] {d6f6c10607393a17a224250a9c16fc53} [  1 ms] [default] [shop] [rows:1  ] SELECT `id`,`name`,`password`,`role_ids`,`created_at`,`updated_at`,`deleted_at`,`user_salt`,`is_admin` FROM `admin_info` WHERE (`name`='song') AND `deleted_at` IS NULL LIMIT 1
2023-01-15 00:15:13.865 [DEBU] {7c39ec0607393a17a324250a882613a2} [  0 ms] [default] [shop] [rows:1  ] SELECT `id`,`name`,`password`,`role_ids`,`created_at`,`updated_at`,`deleted_at`,`user_salt`,`is_admin` FROM `admin_info` WHERE (`id`='3') AND `deleted_at` IS NULL LIMIT 1
2023-01-15 00:15:13.869 [DEBU] {7b7eff0607393a17a424250a1f825fbd} [  3 ms] [default] [shop] [rows:5  ] SHOW FULL COLUMNS FROM `role_permission_info`
2023-01-15 00:15:13.870 [DEBU] {59d52f0707393a17a524250a20d36033} [  1 ms] [default] [shop] [rows:0  ] SELECT `id`,`role_id`,`permission_id`,`created_at`,`updated_at` FROM `role_permission_info` WHERE `role_id` IN ('2')
2023-01-15 00:15:13.873 [DEBU] {f9e6450707393a17a624250ab0edfcc2} [  2 ms] [default] [shop] [rows:6  ] SHOW FULL COLUMNS FROM `permission_info`
2023-01-15 00:15:13.874 [DEBU] {1ebe6e0707393a17a724250a89eb74f9} [  1 ms] [default] [shop] [rows:0  ] SELECT `id`,`name`,`path`,`created_at`,`updated_at`,`deleted_at` FROM `permission_info` WHERE (0=1) AND `deleted_at` IS NULL
2023-01-15 00:16:40.140 [DEBU] {0457261c1b393a17ca987933515f584e} [  7 ms] [default] [shop] [rows:7  ] SHOW FULL COLUMNS FROM `file_info`
2023-01-15 00:16:40.142 [DEBU] {0457261c1b393a17ca987933515f584e} [  1 ms] [default] [shop] [rows:1  ] SELECT COUNT(1) FROM `file_info` WHERE (`user_id`=3) AND (`created_at` >= '2023-01-15 00:15:40')
2023-01-15 00:16:40.147 [ERRO] {0457261c1b393a17ca987933515f584e} [  1 ms] [default] [shop] [rows:0  ] INSERT INTO `file_info`(`created_at`,`updated_at`,`url`,`user_id`,`name`,`src`) VALUES('2023-01-15 00:16:40','2023-01-15 00:16:40','/upload/20230115/cps1qpknpn5dnhqfbr.jpg',3,'cps1qpknpn5dnhqfbr.jpg','upload/20230115/cps1qpknpn5dnhqfbr.jpg') 
Error: Error 1364: Field 'id' doesn't have a default value
Stack:
1.  github.com/gogf/gf/v2/database/gdb.(*Core).writeSqlToLogger
    /home/zsm/go/pkg/mod/github.com/gogf/gf/v2@v2.2.5/database/gdb/gdb_core.go:663
2.  github.com/gogf/gf/v2/database/gdb.(*Core).DoCommit
    /home/zsm/go/pkg/mod/github.com/gogf/gf/v2@v2.2.5/database/gdb/gdb_core_underlying.go:278
3.  github.com/gogf/gf/v2/database/gdb.(*Core).DoExec
    /home/zsm/go/pkg/mod/github.com/gogf/gf/v2@v2.2.5/database/gdb/gdb_core_underlying.go:135
4.  github.com/gogf/gf/v2/database/gdb.(*Core).DoInsert
    /home/zsm/go/pkg/mod/github.com/gogf/gf/v2@v2.2.5/database/gdb/gdb_core.go:440
5.  github.com/gogf/gf/v2/database/gdb.(*HookInsertInput).Next
    /home/zsm/go/pkg/mod/github.com/gogf/gf/v2@v2.2.5/database/gdb/gdb_model_hook.go:122
6.  github.com/gogf/gf/v2/database/gdb.(*Model).doInsertWithOption
    /home/zsm/go/pkg/mod/github.com/gogf/gf/v2@v2.2.5/database/gdb/gdb_model_insert.go:371
7.  github.com/gogf/gf/v2/database/gdb.(*Model).InsertAndGetId
    /home/zsm/go/pkg/mod/github.com/gogf/gf/v2@v2.2.5/database/gdb/gdb_model_insert.go:202
8.  shop-v2/internal/logic/file.(*sFile).Upload
    /home/zsm/GolandProjects/shop-v2/internal/logic/file/file.go:57
9.  shop-v2/internal/controller.(*cFile).Upload
    /home/zsm/GolandProjects/shop-v2/internal/controller/file.go:23
10. github.com/gogf/gf/v2/net/ghttp.(*middleware).callHandlerFunc.func1
    /home/zsm/go/pkg/mod/github.com/gogf/gf/v2@v2.2.5/net/ghttp/ghttp_request_middleware.go:152
11. github.com/gogf/gf/v2/net/ghttp.niceCallFunc
    /home/zsm/go/pkg/mod/github.com/gogf/gf/v2@v2.2.5/net/ghttp/ghttp_func.go:55
12. github.com/gogf/gf/v2/net/ghttp.(*middleware).callHandlerFunc
    /home/zsm/go/pkg/mod/github.com/gogf/gf/v2@v2.2.5/net/ghttp/ghttp_request_middleware.go:129
13. github.com/gogf/gf/v2/net/ghttp.(*middleware).Next.func1
    /home/zsm/go/pkg/mod/github.com/gogf/gf/v2@v2.2.5/net/ghttp/ghttp_request_middleware.go:75
14. github.com/gogf/gf/v2/util/gutil.TryCatch
    /home/zsm/go/pkg/mod/github.com/gogf/gf/v2@v2.2.5/util/gutil/gutil.go:56
15. github.com/gogf/gf/v2/net/ghttp.(*middleware).Next
    /home/zsm/go/pkg/mod/github.com/gogf/gf/v2@v2.2.5/net/ghttp/ghttp_request_middleware.go:49
16. shop-v2/internal/cmd.authAfterFunc
    /home/zsm/GolandProjects/shop-v2/internal/cmd/cmd.go:195
17. github.com/goflyfox/gtoken/gtoken.(*GfToken).authMiddleware
    /home/zsm/go/pkg/mod/github.com/goflyfox/gtoken@v1.5.7/gtoken/gtoken.go:130
18. github.com/gogf/gf/v2/net/ghttp.(*middleware).Next.func1.1
    /home/zsm/go/pkg/mod/github.com/gogf/gf/v2@v2.2.5/net/ghttp/ghttp_request_middleware.go:55
19. github.com/gogf/gf/v2/net/ghttp.niceCallFunc
    /home/zsm/go/pkg/mod/github.com/gogf/gf/v2@v2.2.5/net/ghttp/ghttp_func.go:55
20. github.com/gogf/gf/v2/net/ghttp.(*middleware).Next.func1
    /home/zsm/go/pkg/mod/github.com/gogf/gf/v2@v2.2.5/net/ghttp/ghttp_request_middleware.go:54
21. github.com/gogf/gf/v2/util/gutil.TryCatch
    /home/zsm/go/pkg/mod/github.com/gogf/gf/v2@v2.2.5/util/gutil/gutil.go:56
22. github.com/gogf/gf/v2/net/ghttp.(*middleware).Next
    /home/zsm/go/pkg/mod/github.com/gogf/gf/v2@v2.2.5/net/ghttp/ghttp_request_middleware.go:49
23. shop-v2/internal/logic/middleware.(*sMiddleware).ResponseHandler
    /home/zsm/GolandProjects/shop-v2/internal/logic/middleware/middleware.go:29
24. github.com/gogf/gf/v2/net/ghttp.(*middleware).Next.func1.1
    /home/zsm/go/pkg/mod/github.com/gogf/gf/v2@v2.2.5/net/ghttp/ghttp_request_middleware.go:55
25. github.com/gogf/gf/v2/net/ghttp.niceCallFunc
    /home/zsm/go/pkg/mod/github.com/gogf/gf/v2@v2.2.5/net/ghttp/ghttp_func.go:55
26. github.com/gogf/gf/v2/net/ghttp.(*middleware).Next.func1
    /home/zsm/go/pkg/mod/github.com/gogf/gf/v2@v2.2.5/net/ghttp/ghttp_request_middleware.go:54
27. github.com/gogf/gf/v2/util/gutil.TryCatch
    /home/zsm/go/pkg/mod/github.com/gogf/gf/v2@v2.2.5/util/gutil/gutil.go:56
28. github.com/gogf/gf/v2/net/ghttp.(*middleware).Next
    /home/zsm/go/pkg/mod/github.com/gogf/gf/v2@v2.2.5/net/ghttp/ghttp_request_middleware.go:49
29. shop-v2/internal/logic/middleware.(*sMiddleware).Ctx
    /home/zsm/GolandProjects/shop-v2/internal/logic/middleware/middleware.go:84
30. github.com/gogf/gf/v2/net/ghttp.(*middleware).Next.func1.1
    /home/zsm/go/pkg/mod/github.com/gogf/gf/v2@v2.2.5/net/ghttp/ghttp_request_middleware.go:55
31. github.com/gogf/gf/v2/net/ghttp.niceCallFunc
    /home/zsm/go/pkg/mod/github.com/gogf/gf/v2@v2.2.5/net/ghttp/ghttp_func.go:55
32. github.com/gogf/gf/v2/net/ghttp.(*middleware).Next.func1
    /home/zsm/go/pkg/mod/github.com/gogf/gf/v2@v2.2.5/net/ghttp/ghttp_request_middleware.go:54
33. github.com/gogf/gf/v2/util/gutil.TryCatch
    /home/zsm/go/pkg/mod/github.com/gogf/gf/v2@v2.2.5/util/gutil/gutil.go:56
34. github.com/gogf/gf/v2/net/ghttp.(*middleware).Next
    /home/zsm/go/pkg/mod/github.com/gogf/gf/v2@v2.2.5/net/ghttp/ghttp_request_middleware.go:49
35. shop-v2/internal/logic/middleware.(*sMiddleware).CORS
    /home/zsm/GolandProjects/shop-v2/internal/logic/middleware/middleware.go:88
36. github.com/gogf/gf/v2/net/ghttp.(*middleware).Next.func1.1
    /home/zsm/go/pkg/mod/github.com/gogf/gf/v2@v2.2.5/net/ghttp/ghttp_request_middleware.go:55
37. github.com/gogf/gf/v2/net/ghttp.niceCallFunc
    /home/zsm/go/pkg/mod/github.com/gogf/gf/v2@v2.2.5/net/ghttp/ghttp_func.go:55
38. github.com/gogf/gf/v2/net/ghttp.(*middleware).Next.func1
    /home/zsm/go/pkg/mod/github.com/gogf/gf/v2@v2.2.5/net/ghttp/ghttp_request_middleware.go:54
39. github.com/gogf/gf/v2/util/gutil.TryCatch
    /home/zsm/go/pkg/mod/github.com/gogf/gf/v2@v2.2.5/util/gutil/gutil.go:56
40. github.com/gogf/gf/v2/net/ghttp.(*middleware).Next
    /home/zsm/go/pkg/mod/github.com/gogf/gf/v2@v2.2.5/net/ghttp/ghttp_request_middleware.go:49
41. github.com/gogf/gf/v2/net/ghttp.internalMiddlewareServerTracing
    /home/zsm/go/pkg/mod/github.com/gogf/gf/v2@v2.2.5/net/ghttp/ghttp_middleware_tracing.go:78
42. github.com/gogf/gf/v2/net/ghttp.(*middleware).Next.func1.5
    /home/zsm/go/pkg/mod/github.com/gogf/gf/v2@v2.2.5/net/ghttp/ghttp_request_middleware.go:96
43. github.com/gogf/gf/v2/net/ghttp.niceCallFunc
    /home/zsm/go/pkg/mod/github.com/gogf/gf/v2@v2.2.5/net/ghttp/ghttp_func.go:55
44. github.com/gogf/gf/v2/net/ghttp.(*middleware).Next.func1
    /home/zsm/go/pkg/mod/github.com/gogf/gf/v2@v2.2.5/net/ghttp/ghttp_request_middleware.go:95
45. github.com/gogf/gf/v2/util/gutil.TryCatch
    /home/zsm/go/pkg/mod/github.com/gogf/gf/v2@v2.2.5/util/gutil/gutil.go:56
46. github.com/gogf/gf/v2/net/ghttp.(*middleware).Next
    /home/zsm/go/pkg/mod/github.com/gogf/gf/v2@v2.2.5/net/ghttp/ghttp_request_middleware.go:49
47. github.com/gogf/gf/v2/net/ghttp.(*Server).ServeHTTP
    /home/zsm/go/pkg/mod/github.com/gogf/gf/v2@v2.2.5/net/ghttp/ghttp_server_handler.go:132

2023-01-15 00:22:23.904 [DEBU] {6f1b50266b393a17cb9879331e2624d3} [  3 ms] [default] [shop] [rows:1  ] SELECT COUNT(1) FROM `file_info` WHERE (`user_id`=3) AND (`created_at` >= '2023-01-15 00:21:23')
2023-01-15 00:22:23.909 [DEBU] {6f1b50266b393a17cb9879331e2624d3} [  3 ms] [default] [shop] [rows:1  ] INSERT INTO `file_info`(`updated_at`,`user_id`,`name`,`src`,`url`,`created_at`) VALUES('2023-01-15 00:22:23',3,'cps1v3huphaapgwz54.jpg','upload/20230115/cps1v3huphaapgwz54.jpg','/upload/20230115/cps1v3huphaapgwz54.jpg','2023-01-15 00:22:23') 
2023-01-15 15:31:20.359 [DEBU] {913c80e8046b3a172d4ec55b69d4dcc6} [ 13 ms] [default] [shop] [rows:9  ] SHOW FULL COLUMNS FROM `admin_info`
2023-01-15 15:31:20.375 [DEBU] {cd5354e9046b3a172e4ec55be89169cf} [ 15 ms] [default] [shop] [rows:1  ] SELECT `id`,`name`,`password`,`role_ids`,`created_at`,`updated_at`,`deleted_at`,`user_salt`,`is_admin` FROM `admin_info` WHERE (`name`='song') AND `deleted_at` IS NULL LIMIT 1
2023-01-15 15:32:13.936 [DEBU] {e7e79962116b3a17304ec55bc7a193c0} [  2 ms] [default] [shop] [rows:1  ] SELECT `id`,`name`,`password`,`role_ids`,`created_at`,`updated_at`,`deleted_at`,`user_salt`,`is_admin` FROM `admin_info` WHERE (`name`='song') AND `deleted_at` IS NULL LIMIT 1
2023-01-15 15:32:13.939 [DEBU] {04d9d862116b3a17314ec55b893c264a} [  1 ms] [default] [shop] [rows:1  ] SELECT `id`,`name`,`password`,`role_ids`,`created_at`,`updated_at`,`deleted_at`,`user_salt`,`is_admin` FROM `admin_info` WHERE (`id`='3') AND `deleted_at` IS NULL LIMIT 1
2023-01-15 15:32:13.946 [DEBU] {c3c5ef62116b3a17324ec55b8e791273} [  6 ms] [default] [shop] [rows:5  ] SHOW FULL COLUMNS FROM `role_permission_info`
2023-01-15 15:32:13.950 [DEBU] {5d1e5563116b3a17334ec55b655f57a3} [  4 ms] [default] [shop] [rows:0  ] SELECT `id`,`role_id`,`permission_id`,`created_at`,`updated_at` FROM `role_permission_info` WHERE `role_id` IN ('2')
2023-01-15 15:32:13.954 [DEBU] {3c368f63116b3a17344ec55b29a988f7} [  4 ms] [default] [shop] [rows:6  ] SHOW FULL COLUMNS FROM `permission_info`
2023-01-15 15:32:13.957 [DEBU] {0fa8d963116b3a17354ec55b31332972} [  2 ms] [default] [shop] [rows:0  ] SELECT `id`,`name`,`path`,`created_at`,`updated_at`,`deleted_at` FROM `permission_info` WHERE (0=1) AND `deleted_at` IS NULL
