2023-01-08 00:02:07.190 [DEBU] {15b5ffe33f1238171d2c856a32063fb9} [  5 ms] [default] [shop] [rows:9  ] SHOW FULL COLUMNS FROM `admin_info`
2023-01-08 00:02:07.194 [DEBU] {9a246be43f1238171e2c856a867a00ed} [  2 ms] [default] [shop] [rows:1  ] SELECT `id`,`name`,`password`,`role_ids`,`created_at`,`updated_at`,`deleted_at`,`user_salt`,`is_admin` FROM `admin_info` WHERE (`name`='song') AND `deleted_at` IS NULL LIMIT 1
2023-01-08 00:05:37.222 [DEBU] {a0a9d9ca70123817e75e5854879ffba1} [  5 ms] [default] [shop] [rows:9  ] SHOW FULL COLUMNS FROM `admin_info`
2023-01-08 00:05:37.224 [DEBU] {361735cb70123817e85e5854b36abd45} [  1 ms] [default] [shop] [rows:1  ] SELECT `id`,`name`,`password`,`role_ids`,`created_at`,`updated_at`,`deleted_at`,`user_salt`,`is_admin` FROM `admin_info` WHERE (`name`='song') AND `deleted_at` IS NULL LIMIT 1
2023-01-08 00:05:37.228 [DEBU] {105178cb70123817e95e5854de7a0dc1} [  1 ms] [default] [shop] [rows:1  ] SELECT `id`,`name`,`password`,`role_ids`,`created_at`,`updated_at`,`deleted_at`,`user_salt`,`is_admin` FROM `admin_info` WHERE (`id`='3') AND `deleted_at` IS NULL LIMIT 1
2023-01-08 00:05:37.233 [DEBU] {0d7494cb70123817ea5e5854262a39bc} [  4 ms] [default] [shop] [rows:5  ] SHOW FULL COLUMNS FROM `role_permission_info`
2023-01-08 00:05:37.237 [DEBU] {8438e2cb70123817eb5e5854da11bf80} [  3 ms] [default] [shop] [rows:0  ] SELECT `id`,`role_id`,`permission_id`,`created_at`,`updated_at` FROM `role_permission_info` WHERE `role_id` IN ('2')
2023-01-08 00:05:37.241 [DEBU] {87121bcc70123817ec5e5854b3eeeadd} [  3 ms] [default] [shop] [rows:6  ] SHOW FULL COLUMNS FROM `permission_info`
2023-01-08 00:05:37.243 [DEBU] {86d356cc70123817ed5e5854624e7311} [  1 ms] [default] [shop] [rows:0  ] SELECT `id`,`name`,`path`,`created_at`,`updated_at`,`deleted_at` FROM `permission_info` WHERE (0=1) AND `deleted_at` IS NULL
2023-01-08 00:07:35.030 [DEBU] {4a9cf2388c123817f25e585469aff048} [  2 ms] [default] [shop] [rows:1  ] SELECT `id`,`name`,`password`,`role_ids`,`created_at`,`updated_at`,`deleted_at`,`user_salt`,`is_admin` FROM `admin_info` WHERE (`name`='song') AND `deleted_at` IS NULL LIMIT 1
2023-01-08 00:07:35.032 [DEBU] {64a129398c123817f35e585456c502fe} [  1 ms] [default] [shop] [rows:1  ] SELECT `id`,`name`,`password`,`role_ids`,`created_at`,`updated_at`,`deleted_at`,`user_salt`,`is_admin` FROM `admin_info` WHERE (`id`='3') AND `deleted_at` IS NULL LIMIT 1
2023-01-08 00:07:35.034 [DEBU] {c08343398c123817f45e5854a040809c} [  1 ms] [default] [shop] [rows:0  ] SELECT `id`,`role_id`,`permission_id`,`created_at`,`updated_at` FROM `role_permission_info` WHERE `role_id` IN ('2')
2023-01-08 00:07:35.035 [DEBU] {dd0657398c123817f55e585419778e2c} [  1 ms] [default] [shop] [rows:0  ] SELECT `id`,`name`,`path`,`created_at`,`updated_at`,`deleted_at` FROM `permission_info` WHERE (0=1) AND `deleted_at` IS NULL
2023-01-08 00:09:37.573 [DEBU] {0ad409c1a8123817f95e58547db0d9f1} [  3 ms] [default] [shop] [rows:1  ] SELECT `id`,`name`,`password`,`role_ids`,`created_at`,`updated_at`,`deleted_at`,`user_salt`,`is_admin` FROM `admin_info` WHERE (`name`='song') AND `deleted_at` IS NULL LIMIT 1
2023-01-08 00:09:37.575 [DEBU] {72f346c1a8123817fa5e58545ca20744} [  1 ms] [default] [shop] [rows:1  ] SELECT `id`,`name`,`password`,`role_ids`,`created_at`,`updated_at`,`deleted_at`,`user_salt`,`is_admin` FROM `admin_info` WHERE (`id`='3') AND `deleted_at` IS NULL LIMIT 1
2023-01-08 00:09:37.576 [DEBU] {511a5bc1a8123817fb5e5854c3145c87} [  1 ms] [default] [shop] [rows:0  ] SELECT `id`,`role_id`,`permission_id`,`created_at`,`updated_at` FROM `role_permission_info` WHERE `role_id` IN ('2')
2023-01-08 00:09:37.577 [DEBU] {d09b72c1a8123817fc5e5854f315b77b} [  0 ms] [default] [shop] [rows:0  ] SELECT `id`,`name`,`path`,`created_at`,`updated_at`,`deleted_at` FROM `permission_info` WHERE (0=1) AND `deleted_at` IS NULL
2023-01-08 00:14:17.977 [DEBU] {f6ab3c0aea123817a37d715115cbb54b} [  6 ms] [default] [shop] [rows:9  ] SHOW FULL COLUMNS FROM `admin_info`
2023-01-08 00:14:17.979 [DEBU] {7cba9e0aea123817a47d71514d475843} [  2 ms] [default] [shop] [rows:1  ] SELECT `id`,`name`,`password`,`role_ids`,`created_at`,`updated_at`,`deleted_at`,`user_salt`,`is_admin` FROM `admin_info` WHERE (`name`='song') AND `deleted_at` IS NULL LIMIT 1
2023-01-08 00:14:17.981 [DEBU] {9904c50aea123817a57d7151d273bbab} [  1 ms] [default] [shop] [rows:1  ] SELECT `id`,`name`,`password`,`role_ids`,`created_at`,`updated_at`,`deleted_at`,`user_salt`,`is_admin` FROM `admin_info` WHERE (`id`='3') AND `deleted_at` IS NULL LIMIT 1
2023-01-08 00:14:17.986 [DEBU] {4609dd0aea123817a67d7151814f2356} [  3 ms] [default] [shop] [rows:5  ] SHOW FULL COLUMNS FROM `role_permission_info`
2023-01-08 00:14:17.987 [DEBU] {b94c200bea123817a77d71514ff03e6d} [  1 ms] [default] [shop] [rows:0  ] SELECT `id`,`role_id`,`permission_id`,`created_at`,`updated_at` FROM `role_permission_info` WHERE `role_id` IN ('2')
2023-01-08 00:14:17.991 [DEBU] {6636370bea123817a87d7151ae1427a2} [  4 ms] [default] [shop] [rows:6  ] SHOW FULL COLUMNS FROM `permission_info`
2023-01-08 00:14:17.992 [DEBU] {50b6740bea123817a97d71512333b15d} [  1 ms] [default] [shop] [rows:0  ] SELECT `id`,`name`,`path`,`created_at`,`updated_at`,`deleted_at` FROM `permission_info` WHERE (0=1) AND `deleted_at` IS NULL
2023-01-08 00:17:34.478 [DEBU] {e88d89ca17133817b1c6d6741e742821} [  7 ms] [default] [shop] [rows:9  ] SHOW FULL COLUMNS FROM `admin_info`
2023-01-08 00:17:34.480 [DEBU] {a305feca17133817b2c6d674d8f73934} [  2 ms] [default] [shop] [rows:1  ] SELECT `id`,`name`,`password`,`role_ids`,`created_at`,`updated_at`,`deleted_at`,`user_salt`,`is_admin` FROM `admin_info` WHERE (`name`='song') AND `deleted_at` IS NULL LIMIT 1
2023-01-08 00:17:34.483 [DEBU] {78f432cb17133817b3c6d6742710b538} [  1 ms] [default] [shop] [rows:1  ] SELECT `id`,`name`,`password`,`role_ids`,`created_at`,`updated_at`,`deleted_at`,`user_salt`,`is_admin` FROM `admin_info` WHERE (`id`='3') AND `deleted_at` IS NULL LIMIT 1
2023-01-08 00:17:34.486 [DEBU] {487b48cb17133817b4c6d6741e47b3b4} [  3 ms] [default] [shop] [rows:5  ] SHOW FULL COLUMNS FROM `role_permission_info`
2023-01-08 00:17:34.489 [DEBU] {704183cb17133817b5c6d674944006f0} [  2 ms] [default] [shop] [rows:0  ] SELECT `id`,`role_id`,`permission_id`,`created_at`,`updated_at` FROM `role_permission_info` WHERE `role_id` IN ('2')
2023-01-08 00:17:34.493 [DEBU] {1e539ecb17133817b6c6d674de1c59da} [  4 ms] [default] [shop] [rows:6  ] SHOW FULL COLUMNS FROM `permission_info`
2023-01-08 00:17:34.494 [DEBU] {d2ffdecb17133817b7c6d67413554966} [  1 ms] [default] [shop] [rows:0  ] SELECT `id`,`name`,`path`,`created_at`,`updated_at`,`deleted_at` FROM `permission_info` WHERE (0=1) AND `deleted_at` IS NULL
2023-01-08 00:19:48.269 [DEBU] {146c27f13613381770eaaa590b6b0f40} [  6 ms] [default] [shop] [rows:9  ] SHOW FULL COLUMNS FROM `admin_info`
2023-01-08 00:19:48.271 [DEBU] {006093f13613381771eaaa5906bb3872} [  1 ms] [default] [shop] [rows:1  ] SELECT `id`,`name`,`password`,`role_ids`,`created_at`,`updated_at`,`deleted_at`,`user_salt`,`is_admin` FROM `admin_info` WHERE (`name`='song') AND `deleted_at` IS NULL LIMIT 1
2023-01-08 00:19:48.274 [DEBU] {17d9bdf13613381772eaaa5948701df0} [  1 ms] [default] [shop] [rows:1  ] SELECT `id`,`name`,`password`,`role_ids`,`created_at`,`updated_at`,`deleted_at`,`user_salt`,`is_admin` FROM `admin_info` WHERE (`id`='3') AND `deleted_at` IS NULL LIMIT 1
2023-01-08 00:19:48.277 [DEBU] {3710daf13613381773eaaa5947b7b8f4} [  3 ms] [default] [shop] [rows:5  ] SHOW FULL COLUMNS FROM `role_permission_info`
2023-01-08 00:19:48.278 [DEBU] {b9450bf23613381774eaaa591326903c} [  0 ms] [default] [shop] [rows:0  ] SELECT `id`,`role_id`,`permission_id`,`created_at`,`updated_at` FROM `role_permission_info` WHERE `role_id` IN ('2')
2023-01-08 00:19:48.281 [DEBU] {cf4f1ef23613381775eaaa592ac38b01} [  2 ms] [default] [shop] [rows:6  ] SHOW FULL COLUMNS FROM `permission_info`
2023-01-08 00:19:48.282 [DEBU] {c5294bf23613381776eaaa593a3d348f} [  0 ms] [default] [shop] [rows:0  ] SELECT `id`,`name`,`path`,`created_at`,`updated_at`,`deleted_at` FROM `permission_info` WHERE (0=1) AND `deleted_at` IS NULL
2023-01-08 00:31:25.706 [DEBU] {1f6abd53d91338174182cc7a00e9dc11} [  5 ms] [default] [shop] [rows:9  ] SHOW FULL COLUMNS FROM `admin_info`
2023-01-08 00:31:25.708 [DEBU] {7ce61154d91338174282cc7a49d4faa5} [  1 ms] [default] [shop] [rows:1  ] SELECT `id`,`name`,`password`,`role_ids`,`created_at`,`updated_at`,`deleted_at`,`user_salt`,`is_admin` FROM `admin_info` WHERE (`name`='song') AND `deleted_at` IS NULL LIMIT 1
2023-01-08 00:31:25.713 [DEBU] {3d8b5d54d91338174382cc7a69a12536} [  1 ms] [default] [shop] [rows:1  ] SELECT `id`,`name`,`password`,`role_ids`,`created_at`,`updated_at`,`deleted_at`,`user_salt`,`is_admin` FROM `admin_info` WHERE (`id`='3') AND `deleted_at` IS NULL LIMIT 1
2023-01-08 00:31:25.717 [DEBU] {001b7654d91338174482cc7a4aeb67aa} [  4 ms] [default] [shop] [rows:5  ] SHOW FULL COLUMNS FROM `role_permission_info`
2023-01-08 00:31:25.719 [DEBU] {867ab154d91338174582cc7a02e772e3} [  2 ms] [default] [shop] [rows:0  ] SELECT `id`,`role_id`,`permission_id`,`created_at`,`updated_at` FROM `role_permission_info` WHERE `role_id` IN ('2')
2023-01-08 00:31:25.723 [DEBU] {72a1cb54d91338174682cc7a9d1806df} [  4 ms] [default] [shop] [rows:6  ] SHOW FULL COLUMNS FROM `permission_info`
2023-01-08 00:31:25.724 [DEBU] {12f10e55d91338174782cc7a3fa8d175} [  0 ms] [default] [shop] [rows:0  ] SELECT `id`,`name`,`path`,`created_at`,`updated_at`,`deleted_at` FROM `permission_info` WHERE (0=1) AND `deleted_at` IS NULL
2023-01-08 00:58:04.838 [DEBU] {3c915ba74d153817048d751c388456a1} [  6 ms] [default] [shop] [rows:9  ] SHOW FULL COLUMNS FROM `admin_info`
2023-01-08 00:58:04.840 [DEBU] {73d6bca74d153817058d751cca73ae65} [  2 ms] [default] [shop] [rows:1  ] SELECT `id`,`name`,`password`,`role_ids`,`created_at`,`updated_at`,`deleted_at`,`user_salt`,`is_admin` FROM `admin_info` WHERE (`name`='song') AND `deleted_at` IS NULL LIMIT 1
2023-01-08 00:58:04.842 [DEBU] {2134e2a74d153817068d751cd88f23a9} [  1 ms] [default] [shop] [rows:1  ] SELECT `id`,`name`,`password`,`role_ids`,`created_at`,`updated_at`,`deleted_at`,`user_salt`,`is_admin` FROM `admin_info` WHERE (`id`='3') AND `deleted_at` IS NULL LIMIT 1
2023-01-08 00:58:04.845 [DEBU] {36fbf2a74d153817078d751c5a8b10ec} [  3 ms] [default] [shop] [rows:5  ] SHOW FULL COLUMNS FROM `role_permission_info`
2023-01-08 00:58:04.846 [DEBU] {cc8624a84d153817088d751c048f7cdf} [  1 ms] [default] [shop] [rows:0  ] SELECT `id`,`role_id`,`permission_id`,`created_at`,`updated_at` FROM `role_permission_info` WHERE `role_id` IN ('2')
2023-01-08 00:58:04.849 [DEBU] {eaa236a84d153817098d751c58b7ec7c} [  3 ms] [default] [shop] [rows:6  ] SHOW FULL COLUMNS FROM `permission_info`
2023-01-08 00:58:04.850 [DEBU] {a9dd65a84d1538170a8d751c258fc9fa} [  0 ms] [default] [shop] [rows:0  ] SELECT `id`,`name`,`path`,`created_at`,`updated_at`,`deleted_at` FROM `permission_info` WHERE (0=1) AND `deleted_at` IS NULL
2023-01-08 13:51:01.137 [DEBU] {77efba797b3f3817b895af4df26c3557} [ 14 ms] [default] [shop] [rows:9  ] SHOW FULL COLUMNS FROM `admin_info`
2023-01-08 13:51:01.154 [DEBU] {5f81917a7b3f3817b995af4d2ca6af84} [ 16 ms] [default] [shop] [rows:1  ] SELECT `id`,`name`,`password`,`role_ids`,`created_at`,`updated_at`,`deleted_at`,`user_salt`,`is_admin` FROM `admin_info` WHERE (`name`='song') AND `deleted_at` IS NULL LIMIT 1
2023-01-08 13:51:04.567 [DEBU] {bd84e0467c3f3817bb95af4da4455c78} [  1 ms] [default] [shop] [rows:1  ] SELECT `id`,`name`,`password`,`role_ids`,`created_at`,`updated_at`,`deleted_at`,`user_salt`,`is_admin` FROM `admin_info` WHERE (`name`='song') AND `deleted_at` IS NULL LIMIT 1
2023-01-08 13:55:05.431 [DEBU] {4141495bb43f38178303b421fbb5ce0f} [  5 ms] [default] [shop] [rows:9  ] SHOW FULL COLUMNS FROM `admin_info`
2023-01-08 13:55:05.433 [DEBU] {de3da25bb43f38178403b421270c4e00} [  1 ms] [default] [shop] [rows:1  ] SELECT `id`,`name`,`password`,`role_ids`,`created_at`,`updated_at`,`deleted_at`,`user_salt`,`is_admin` FROM `admin_info` WHERE (`name`='song') AND `deleted_at` IS NULL LIMIT 1
2023-01-08 13:55:05.436 [DEBU] {83eed15bb43f38178503b42189c5a482} [  1 ms] [default] [shop] [rows:1  ] SELECT `id`,`name`,`password`,`role_ids`,`created_at`,`updated_at`,`deleted_at`,`user_salt`,`is_admin` FROM `admin_info` WHERE (`id`='3') AND `deleted_at` IS NULL LIMIT 1
2023-01-08 13:55:05.445 [DEBU] {1f13fe5bb43f38178603b421a6921564} [  7 ms] [default] [shop] [rows:5  ] SHOW FULL COLUMNS FROM `role_permission_info`
2023-01-08 13:55:05.449 [DEBU] {4087705cb43f38178703b4219a6612fb} [  4 ms] [default] [shop] [rows:0  ] SELECT `id`,`role_id`,`permission_id`,`created_at`,`updated_at` FROM `role_permission_info` WHERE `role_id` IN ('2')
2023-01-08 13:55:05.452 [DEBU] {5984a95cb43f38178803b4210ecc7e64} [  3 ms] [default] [shop] [rows:6  ] SHOW FULL COLUMNS FROM `permission_info`
2023-01-08 13:55:05.455 [DEBU] {0bfce45cb43f38178903b4216755f73a} [  2 ms] [default] [shop] [rows:0  ] SELECT `id`,`name`,`path`,`created_at`,`updated_at`,`deleted_at` FROM `permission_info` WHERE (0=1) AND `deleted_at` IS NULL
2023-01-08 14:18:49.971 [DEBU] {2e657608004138177571402a302bd508} [  6 ms] [default] [shop] [rows:9  ] SHOW FULL COLUMNS FROM `admin_info`
2023-01-08 14:18:49.973 [DEBU] {51d3d208004138177671402aa6a482dc} [  2 ms] [default] [shop] [rows:1  ] SELECT `id`,`name`,`password`,`role_ids`,`created_at`,`updated_at`,`deleted_at`,`user_salt`,`is_admin` FROM `admin_info` WHERE (`name`='song') AND `deleted_at` IS NULL LIMIT 1
2023-01-08 14:18:49.976 [DEBU] {30f60e09004138177771402aea3501b9} [  1 ms] [default] [shop] [rows:1  ] SELECT `id`,`name`,`password`,`role_ids`,`created_at`,`updated_at`,`deleted_at`,`user_salt`,`is_admin` FROM `admin_info` WHERE (`id`='3') AND `deleted_at` IS NULL LIMIT 1
2023-01-08 14:18:49.980 [DEBU] {a48c2909004138177871402a210faf03} [  3 ms] [default] [shop] [rows:5  ] SHOW FULL COLUMNS FROM `role_permission_info`
2023-01-08 14:18:49.981 [DEBU] {55755309004138177971402a114e54e0} [  1 ms] [default] [shop] [rows:0  ] SELECT `id`,`role_id`,`permission_id`,`created_at`,`updated_at` FROM `role_permission_info` WHERE `role_id` IN ('2')
2023-01-08 14:18:49.983 [DEBU] {ef986509004138177a71402a449fb103} [  2 ms] [default] [shop] [rows:6  ] SHOW FULL COLUMNS FROM `permission_info`
2023-01-08 14:18:49.984 [DEBU] {4cb18e09004138177b71402a66e23957} [  0 ms] [default] [shop] [rows:0  ] SELECT `id`,`name`,`path`,`created_at`,`updated_at`,`deleted_at` FROM `permission_info` WHERE (0=1) AND `deleted_at` IS NULL
2023-01-08 14:49:05.980 [DEBU] {46a710dba6423817ebbb180f33367c54} [  5 ms] [default] [shop] [rows:9  ] SHOW FULL COLUMNS FROM `admin_info`
2023-01-08 14:49:05.982 [DEBU] {b3ee68dba6423817ecbb180fb976e6b8} [  1 ms] [default] [shop] [rows:1  ] SELECT `id`,`name`,`password`,`role_ids`,`created_at`,`updated_at`,`deleted_at`,`user_salt`,`is_admin` FROM `admin_info` WHERE (`name`='song') AND `deleted_at` IS NULL LIMIT 1
2023-01-08 14:49:05.986 [DEBU] {d2a0a4dba6423817edbb180f6687ff7b} [  0 ms] [default] [shop] [rows:1  ] SELECT `id`,`name`,`password`,`role_ids`,`created_at`,`updated_at`,`deleted_at`,`user_salt`,`is_admin` FROM `admin_info` WHERE (`id`='3') AND `deleted_at` IS NULL LIMIT 1
2023-01-08 14:49:05.990 [DEBU] {50ddbddba6423817eebb180f8a288d52} [  4 ms] [default] [shop] [rows:5  ] SHOW FULL COLUMNS FROM `role_permission_info`
2023-01-08 14:49:05.991 [DEBU] {a0d0f9dba6423817efbb180f7a59153f} [  1 ms] [default] [shop] [rows:0  ] SELECT `id`,`role_id`,`permission_id`,`created_at`,`updated_at` FROM `role_permission_info` WHERE `role_id` IN ('2')
2023-01-08 14:49:05.995 [DEBU] {67ec12dca6423817f0bb180fa1940991} [  3 ms] [default] [shop] [rows:6  ] SHOW FULL COLUMNS FROM `permission_info`
2023-01-08 14:49:05.996 [DEBU] {7ae94adca6423817f1bb180fa5d10d63} [  0 ms] [default] [shop] [rows:0  ] SELECT `id`,`name`,`path`,`created_at`,`updated_at`,`deleted_at` FROM `permission_info` WHERE (0=1) AND `deleted_at` IS NULL
2023-01-08 20:37:17.595 [DEBU] {2f5c5010a7553817e563a45ca58ec713} [  6 ms] [default] [shop] [rows:9  ] SHOW FULL COLUMNS FROM `admin_info`
2023-01-08 20:37:17.597 [DEBU] {0a47b310a7553817e663a45ce6a8daec} [  1 ms] [default] [shop] [rows:1  ] SELECT `id`,`name`,`password`,`role_ids`,`created_at`,`updated_at`,`deleted_at`,`user_salt`,`is_admin` FROM `admin_info` WHERE (`name`='song') AND `deleted_at` IS NULL LIMIT 1
2023-01-08 20:37:17.600 [DEBU] {dfece310a7553817e763a45c085a08dc} [  1 ms] [default] [shop] [rows:1  ] SELECT `id`,`name`,`password`,`role_ids`,`created_at`,`updated_at`,`deleted_at`,`user_salt`,`is_admin` FROM `admin_info` WHERE (`id`='3') AND `deleted_at` IS NULL LIMIT 1
2023-01-08 20:37:17.606 [DEBU] {43270311a7553817e863a45c9652cdcf} [  5 ms] [default] [shop] [rows:5  ] SHOW FULL COLUMNS FROM `role_permission_info`
2023-01-08 20:37:17.608 [DEBU] {21d55c11a7553817e963a45c839dbeec} [  1 ms] [default] [shop] [rows:0  ] SELECT `id`,`role_id`,`permission_id`,`created_at`,`updated_at` FROM `role_permission_info` WHERE `role_id` IN ('2')
2023-01-08 20:37:17.613 [DEBU] {f1897911a7553817ea63a45cf013e98f} [  4 ms] [default] [shop] [rows:6  ] SHOW FULL COLUMNS FROM `permission_info`
2023-01-08 20:37:17.614 [DEBU] {ceb2bc11a7553817eb63a45c0cfee8f8} [  1 ms] [default] [shop] [rows:0  ] SELECT `id`,`name`,`path`,`created_at`,`updated_at`,`deleted_at` FROM `permission_info` WHERE (0=1) AND `deleted_at` IS NULL
2023-01-08 20:48:17.285 [DEBU] {ad66e5a8405638175a5a1c752ccdbabb} [  6 ms] [default] [shop] [rows:9  ] SHOW FULL COLUMNS FROM `admin_info`
2023-01-08 20:48:17.287 [DEBU] {6fee4ea9405638175b5a1c7510462cea} [  1 ms] [default] [shop] [rows:1  ] SELECT `id`,`name`,`password`,`role_ids`,`created_at`,`updated_at`,`deleted_at`,`user_salt`,`is_admin` FROM `admin_info` WHERE (`name`='song') AND `deleted_at` IS NULL LIMIT 1
2023-01-08 20:48:17.290 [DEBU] {ad477ca9405638175c5a1c7592182f3c} [  1 ms] [default] [shop] [rows:1  ] SELECT `id`,`name`,`password`,`role_ids`,`created_at`,`updated_at`,`deleted_at`,`user_salt`,`is_admin` FROM `admin_info` WHERE (`id`='3') AND `deleted_at` IS NULL LIMIT 1
2023-01-08 20:48:17.293 [DEBU] {1ee092a9405638175d5a1c751412268a} [  2 ms] [default] [shop] [rows:5  ] SHOW FULL COLUMNS FROM `role_permission_info`
2023-01-08 20:48:17.294 [DEBU] {4d00c1a9405638175e5a1c755ed7a85f} [  0 ms] [default] [shop] [rows:0  ] SELECT `id`,`role_id`,`permission_id`,`created_at`,`updated_at` FROM `role_permission_info` WHERE `role_id` IN ('2')
2023-01-08 20:48:17.298 [DEBU] {6a18d4a9405638175f5a1c750b435be9} [  3 ms] [default] [shop] [rows:6  ] SHOW FULL COLUMNS FROM `permission_info`
2023-01-08 20:48:17.299 [DEBU] {e46e0eaa40563817605a1c75b81a26fd} [  0 ms] [default] [shop] [rows:0  ] SELECT `id`,`name`,`path`,`created_at`,`updated_at`,`deleted_at` FROM `permission_info` WHERE (0=1) AND `deleted_at` IS NULL
2023-01-08 20:57:02.811 [DEBU] {5d03ae04bb563817074bfc0537020239} [  6 ms] [default] [shop] [rows:9  ] SHOW FULL COLUMNS FROM `admin_info`
2023-01-08 20:57:02.813 [DEBU] {f6ef1405bb563817084bfc055e78ec62} [  1 ms] [default] [shop] [rows:1  ] SELECT `id`,`name`,`password`,`role_ids`,`created_at`,`updated_at`,`deleted_at`,`user_salt`,`is_admin` FROM `admin_info` WHERE (`name`='song') AND `deleted_at` IS NULL LIMIT 1
2023-01-08 20:57:02.816 [DEBU] {aa164b05bb563817094bfc05abab1f7a} [  1 ms] [default] [shop] [rows:1  ] SELECT `id`,`name`,`password`,`role_ids`,`created_at`,`updated_at`,`deleted_at`,`user_salt`,`is_admin` FROM `admin_info` WHERE (`id`='3') AND `deleted_at` IS NULL LIMIT 1
2023-01-08 20:57:02.820 [DEBU] {dab46405bb5638170a4bfc05aa81b055} [  3 ms] [default] [shop] [rows:5  ] SHOW FULL COLUMNS FROM `role_permission_info`
2023-01-08 20:57:02.822 [DEBU] {e94a9a05bb5638170b4bfc0585f24d23} [  2 ms] [default] [shop] [rows:0  ] SELECT `id`,`role_id`,`permission_id`,`created_at`,`updated_at` FROM `role_permission_info` WHERE `role_id` IN ('2')
2023-01-08 20:57:02.826 [DEBU] {6ab2bd05bb5638170c4bfc05d57350bd} [  3 ms] [default] [shop] [rows:6  ] SHOW FULL COLUMNS FROM `permission_info`
2023-01-08 20:57:02.828 [DEBU] {f9e0f305bb5638170d4bfc0529c1a670} [  2 ms] [default] [shop] [rows:0  ] SELECT `id`,`name`,`path`,`created_at`,`updated_at`,`deleted_at` FROM `permission_info` WHERE (0=1) AND `deleted_at` IS NULL
2023-01-08 21:04:23.359 [DEBU] {1f6849972157381727641f0b1b210414} [  8 ms] [default] [shop] [rows:9  ] SHOW FULL COLUMNS FROM `admin_info`
2023-01-08 21:04:23.361 [DEBU] {36d9ca972157381728641f0bdf39a731} [  1 ms] [default] [shop] [rows:1  ] SELECT `id`,`name`,`password`,`role_ids`,`created_at`,`updated_at`,`deleted_at`,`user_salt`,`is_admin` FROM `admin_info` WHERE (`name`='song') AND `deleted_at` IS NULL LIMIT 1
2023-01-08 21:04:23.363 [DEBU] {efb5f2972157381729641f0b38ca7684} [  1 ms] [default] [shop] [rows:1  ] SELECT `id`,`name`,`password`,`role_ids`,`created_at`,`updated_at`,`deleted_at`,`user_salt`,`is_admin` FROM `admin_info` WHERE (`id`='3') AND `deleted_at` IS NULL LIMIT 1
2023-01-08 21:04:23.368 [DEBU] {3f980e98215738172a641f0bd806d4d4} [  4 ms] [default] [shop] [rows:5  ] SHOW FULL COLUMNS FROM `role_permission_info`
2023-01-08 21:04:23.370 [DEBU] {ddc05298215738172b641f0b633f123d} [  1 ms] [default] [shop] [rows:0  ] SELECT `id`,`role_id`,`permission_id`,`created_at`,`updated_at` FROM `role_permission_info` WHERE `role_id` IN ('2')
2023-01-08 21:04:23.375 [DEBU] {51216898215738172c641f0b89c8f944} [  5 ms] [default] [shop] [rows:6  ] SHOW FULL COLUMNS FROM `permission_info`
2023-01-08 21:04:23.376 [DEBU] {9478b198215738172d641f0bec4128da} [  1 ms] [default] [shop] [rows:0  ] SELECT `id`,`name`,`path`,`created_at`,`updated_at`,`deleted_at` FROM `permission_info` WHERE (0=1) AND `deleted_at` IS NULL
2023-01-08 21:10:57.384 [DEBU] {bf2dbb547d5738173ac6c85e0905283b} [ 12 ms] [default] [shop] [rows:9  ] SHOW FULL COLUMNS FROM `admin_info`
2023-01-08 21:10:57.401 [DEBU] {433383557d5738173bc6c85e19599b7b} [ 16 ms] [default] [shop] [rows:1  ] SELECT `id`,`name`,`password`,`role_ids`,`created_at`,`updated_at`,`deleted_at`,`user_salt`,`is_admin` FROM `admin_info` WHERE (`name`='song') AND `deleted_at` IS NULL LIMIT 1
2023-01-08 21:11:52.104 [DEBU] {f093df128a5738173dc6c85e3b05abd4} [  3 ms] [default] [shop] [rows:1  ] SELECT `id`,`name`,`password`,`role_ids`,`created_at`,`updated_at`,`deleted_at`,`user_salt`,`is_admin` FROM `admin_info` WHERE (`name`='song') AND `deleted_at` IS NULL LIMIT 1
2023-01-08 21:13:41.874 [DEBU] {2214a9a1a35738173fc6c85e158aa784} [  3 ms] [default] [shop] [rows:1  ] SELECT `id`,`name`,`password`,`role_ids`,`created_at`,`updated_at`,`deleted_at`,`user_salt`,`is_admin` FROM `admin_info` WHERE (`name`='song') AND `deleted_at` IS NULL LIMIT 1
2023-01-08 21:13:41.876 [DEBU] {486aeaa1a357381740c6c85e15e6b8e1} [  1 ms] [default] [shop] [rows:1  ] SELECT `id`,`name`,`password`,`role_ids`,`created_at`,`updated_at`,`deleted_at`,`user_salt`,`is_admin` FROM `admin_info` WHERE (`id`='3') AND `deleted_at` IS NULL LIMIT 1
2023-01-08 21:13:41.884 [DEBU] {e32507a2a357381741c6c85eb37c28f8} [  7 ms] [default] [shop] [rows:5  ] SHOW FULL COLUMNS FROM `role_permission_info`
2023-01-08 21:13:41.888 [DEBU] {fb1970a2a357381742c6c85e10bc7d51} [  4 ms] [default] [shop] [rows:0  ] SELECT `id`,`role_id`,`permission_id`,`created_at`,`updated_at` FROM `role_permission_info` WHERE `role_id` IN ('2')
2023-01-08 21:13:41.892 [DEBU] {6e30aaa2a357381743c6c85e37e91551} [  4 ms] [default] [shop] [rows:6  ] SHOW FULL COLUMNS FROM `permission_info`
2023-01-08 21:13:41.894 [DEBU] {badee9a2a357381744c6c85e35f31b42} [  2 ms] [default] [shop] [rows:0  ] SELECT `id`,`name`,`path`,`created_at`,`updated_at`,`deleted_at` FROM `permission_info` WHERE (0=1) AND `deleted_at` IS NULL
2023-01-08 21:33:25.383 [DEBU] {86072630b758381749a4a7067105c663} [  5 ms] [default] [shop] [rows:9  ] SHOW FULL COLUMNS FROM `admin_info`
2023-01-08 21:33:25.385 [DEBU] {a7458a30b75838174aa4a70652706599} [  1 ms] [default] [shop] [rows:1  ] SELECT `id`,`name`,`password`,`role_ids`,`created_at`,`updated_at`,`deleted_at`,`user_salt`,`is_admin` FROM `admin_info` WHERE (`name`='song') AND `deleted_at` IS NULL LIMIT 1
2023-01-08 21:33:25.389 [DEBU] {a6efc130b75838174ba4a70604bb1999} [  1 ms] [default] [shop] [rows:1  ] SELECT `id`,`name`,`password`,`role_ids`,`created_at`,`updated_at`,`deleted_at`,`user_salt`,`is_admin` FROM `admin_info` WHERE (`id`='3') AND `deleted_at` IS NULL LIMIT 1
2023-01-08 21:33:25.393 [DEBU] {8903db30b75838174ca4a7065c649c7f} [  3 ms] [default] [shop] [rows:5  ] SHOW FULL COLUMNS FROM `role_permission_info`
2023-01-08 21:33:25.396 [DEBU] {5be42c31b75838174da4a70627a7bba6} [  1 ms] [default] [shop] [rows:0  ] SELECT `id`,`role_id`,`permission_id`,`created_at`,`updated_at` FROM `role_permission_info` WHERE `role_id` IN ('2')
2023-01-08 21:33:25.400 [DEBU] {19564a31b75838174ea4a706ad50b2e0} [  3 ms] [default] [shop] [rows:6  ] SHOW FULL COLUMNS FROM `permission_info`
2023-01-08 21:33:25.401 [DEBU] {c3208631b75838174fa4a7066d170776} [  0 ms] [default] [shop] [rows:0  ] SELECT `id`,`name`,`path`,`created_at`,`updated_at`,`deleted_at` FROM `permission_info` WHERE (0=1) AND `deleted_at` IS NULL
2023-01-08 22:09:23.032 [DEBU] {30320d8ead5a3817fdacc54a1fa441d0} [  5 ms] [default] [shop] [rows:9  ] SHOW FULL COLUMNS FROM `admin_info`
2023-01-08 22:09:23.034 [DEBU] {f18d648ead5a3817feacc54a8e27f0c1} [  2 ms] [default] [shop] [rows:1  ] SELECT `id`,`name`,`password`,`role_ids`,`created_at`,`updated_at`,`deleted_at`,`user_salt`,`is_admin` FROM `admin_info` WHERE (`name`='song') AND `deleted_at` IS NULL LIMIT 1
2023-01-08 22:09:23.037 [DEBU] {713b978ead5a3817ffacc54a0f18fa06} [  1 ms] [default] [shop] [rows:1  ] SELECT `id`,`name`,`password`,`role_ids`,`created_at`,`updated_at`,`deleted_at`,`user_salt`,`is_admin` FROM `admin_info` WHERE (`id`='3') AND `deleted_at` IS NULL LIMIT 1
2023-01-08 22:09:23.042 [DEBU] {cf87b98ead5a381700adc54adde2da45} [  4 ms] [default] [shop] [rows:5  ] SHOW FULL COLUMNS FROM `role_permission_info`
2023-01-08 22:09:23.044 [DEBU] {e4fb038fad5a381701adc54aa6d8dee1} [  1 ms] [default] [shop] [rows:0  ] SELECT `id`,`role_id`,`permission_id`,`created_at`,`updated_at` FROM `role_permission_info` WHERE `role_id` IN ('2')
2023-01-08 22:09:23.048 [DEBU] {0e611d8fad5a381702adc54a1a3adf11} [  3 ms] [default] [shop] [rows:6  ] SHOW FULL COLUMNS FROM `permission_info`
2023-01-08 22:09:23.050 [DEBU] {2b4e5e8fad5a381703adc54a297b5144} [  0 ms] [default] [shop] [rows:0  ] SELECT `id`,`name`,`path`,`created_at`,`updated_at`,`deleted_at` FROM `permission_info` WHERE (0=1) AND `deleted_at` IS NULL
2023-01-08 22:25:58.716 [DEBU] {95f76361955b38178e122566e70d69aa} [  6 ms] [default] [shop] [rows:9  ] SHOW FULL COLUMNS FROM `admin_info`
2023-01-08 22:25:58.718 [DEBU] {6477cc61955b38178f12256681ba4791} [  1 ms] [default] [shop] [rows:1  ] SELECT `id`,`name`,`password`,`role_ids`,`created_at`,`updated_at`,`deleted_at`,`user_salt`,`is_admin` FROM `admin_info` WHERE (`name`='song') AND `deleted_at` IS NULL LIMIT 1
2023-01-08 22:25:58.721 [DEBU] {66e3f661955b381790122566a47d4a86} [  2 ms] [default] [shop] [rows:1  ] SELECT `id`,`name`,`password`,`role_ids`,`created_at`,`updated_at`,`deleted_at`,`user_salt`,`is_admin` FROM `admin_info` WHERE (`id`='3') AND `deleted_at` IS NULL LIMIT 1
2023-01-08 22:25:58.724 [DEBU] {2dd11162955b38179112256615b7a1bb} [  3 ms] [default] [shop] [rows:5  ] SHOW FULL COLUMNS FROM `role_permission_info`
2023-01-08 22:25:58.726 [DEBU] {7e1c4b62955b3817921225663032ea9a} [  1 ms] [default] [shop] [rows:0  ] SELECT `id`,`role_id`,`permission_id`,`created_at`,`updated_at` FROM `role_permission_info` WHERE `role_id` IN ('2')
2023-01-08 22:25:58.731 [DEBU] {79146662955b3817931225665ceddc9c} [  4 ms] [default] [shop] [rows:6  ] SHOW FULL COLUMNS FROM `permission_info`
2023-01-08 22:25:58.733 [DEBU] {fd86b062955b38179412256623519111} [  0 ms] [default] [shop] [rows:0  ] SELECT `id`,`name`,`path`,`created_at`,`updated_at`,`deleted_at` FROM `permission_info` WHERE (0=1) AND `deleted_at` IS NULL
2023-01-08 22:45:03.628 [DEBU] {dfc37ff39f5c3817d218b53c0d39e20d} [  6 ms] [default] [shop] [rows:9  ] SHOW FULL COLUMNS FROM `admin_info`
2023-01-08 22:45:03.630 [DEBU] {4d12d9f39f5c3817d318b53c49c866f2} [  2 ms] [default] [shop] [rows:1  ] SELECT `id`,`name`,`password`,`role_ids`,`created_at`,`updated_at`,`deleted_at`,`user_salt`,`is_admin` FROM `admin_info` WHERE (`name`='song') AND `deleted_at` IS NULL LIMIT 1
2023-01-08 22:45:03.634 [DEBU] {669420f49f5c3817d418b53ce1e41fbb} [  1 ms] [default] [shop] [rows:1  ] SELECT `id`,`name`,`password`,`role_ids`,`created_at`,`updated_at`,`deleted_at`,`user_salt`,`is_admin` FROM `admin_info` WHERE (`id`='3') AND `deleted_at` IS NULL LIMIT 1
2023-01-08 22:45:03.638 [DEBU] {8de03ff49f5c3817d518b53cfaee43d5} [  3 ms] [default] [shop] [rows:5  ] SHOW FULL COLUMNS FROM `role_permission_info`
2023-01-08 22:45:03.640 [DEBU] {82d677f49f5c3817d618b53c1e5ca82b} [  1 ms] [default] [shop] [rows:0  ] SELECT `id`,`role_id`,`permission_id`,`created_at`,`updated_at` FROM `role_permission_info` WHERE `role_id` IN ('2')
2023-01-08 22:45:03.643 [DEBU] {55928ff49f5c3817d718b53c97be45f5} [  3 ms] [default] [shop] [rows:6  ] SHOW FULL COLUMNS FROM `permission_info`
2023-01-08 22:45:03.645 [DEBU] {ab70c7f49f5c3817d818b53c08478c95} [  1 ms] [default] [shop] [rows:0  ] SELECT `id`,`name`,`path`,`created_at`,`updated_at`,`deleted_at` FROM `permission_info` WHERE (0=1) AND `deleted_at` IS NULL
2023-01-08 22:49:08.900 [DEBU] {97d8d50ed95c38170362a77bc8f0aca1} [  6 ms] [default] [shop] [rows:9  ] SHOW FULL COLUMNS FROM `admin_info`
2023-01-08 22:49:08.903 [DEBU] {4f54440fd95c38170462a77bed58d24a} [  2 ms] [default] [shop] [rows:1  ] SELECT `id`,`name`,`password`,`role_ids`,`created_at`,`updated_at`,`deleted_at`,`user_salt`,`is_admin` FROM `admin_info` WHERE (`name`='song') AND `deleted_at` IS NULL LIMIT 1
2023-01-08 22:49:08.907 [DEBU] {4c917a0fd95c38170562a77b03ad2266} [  2 ms] [default] [shop] [rows:1  ] SELECT `id`,`name`,`password`,`role_ids`,`created_at`,`updated_at`,`deleted_at`,`user_salt`,`is_admin` FROM `admin_info` WHERE (`id`='3') AND `deleted_at` IS NULL LIMIT 1
2023-01-08 22:49:08.911 [DEBU] {d35fa70fd95c38170662a77b287e3e90} [  3 ms] [default] [shop] [rows:5  ] SHOW FULL COLUMNS FROM `role_permission_info`
2023-01-08 22:49:08.913 [DEBU] {cbf1e20fd95c38170762a77bff3cbadc} [  1 ms] [default] [shop] [rows:0  ] SELECT `id`,`role_id`,`permission_id`,`created_at`,`updated_at` FROM `role_permission_info` WHERE `role_id` IN ('2')
2023-01-08 22:49:08.918 [DEBU] {c580fe0fd95c38170862a77bdc085164} [  4 ms] [default] [shop] [rows:6  ] SHOW FULL COLUMNS FROM `permission_info`
2023-01-08 22:49:08.919 [DEBU] {310f4810d95c38170962a77bdfd6bd23} [  1 ms] [default] [shop] [rows:0  ] SELECT `id`,`name`,`path`,`created_at`,`updated_at`,`deleted_at` FROM `permission_info` WHERE (0=1) AND `deleted_at` IS NULL
