2023-01-09 11:39:36.512 [DEBU] {6462c442e486381713cb9b7a05b46e7c} [ 14 ms] [default] [shop] [rows:9  ] SHOW FULL COLUMNS FROM `admin_info`
2023-01-09 11:39:36.529 [DEBU] {c9739e43e486381714cb9b7a59346dd6} [ 16 ms] [default] [shop] [rows:1  ] SELECT `id`,`name`,`password`,`role_ids`,`created_at`,`updated_at`,`deleted_at`,`user_salt`,`is_admin` FROM `admin_info` WHERE (`name`='song') AND `deleted_at` IS NULL LIMIT 1
2023-01-09 11:39:36.532 [DEBU] {c530b344e486381715cb9b7a58ac2017} [  1 ms] [default] [shop] [rows:1  ] SELECT `id`,`name`,`password`,`role_ids`,`created_at`,`updated_at`,`deleted_at`,`user_salt`,`is_admin` FROM `admin_info` WHERE (`id`='3') AND `deleted_at` IS NULL LIMIT 1
2023-01-09 11:39:36.539 [DEBU] {9af1d144e486381716cb9b7a9f8fbb2c} [  6 ms] [default] [shop] [rows:5  ] SHOW FULL COLUMNS FROM `role_permission_info`
2023-01-09 11:39:36.543 [DEBU] {99c73245e486381717cb9b7a9130db9f} [  4 ms] [default] [shop] [rows:0  ] SELECT `id`,`role_id`,`permission_id`,`created_at`,`updated_at` FROM `role_permission_info` WHERE `role_id` IN ('2')
2023-01-09 11:39:36.549 [DEBU] {d9727045e486381718cb9b7aec408602} [  6 ms] [default] [shop] [rows:6  ] SHOW FULL COLUMNS FROM `permission_info`
2023-01-09 11:39:36.553 [DEBU] {c2facf45e486381719cb9b7a7e486a9c} [  3 ms] [default] [shop] [rows:0  ] SELECT `id`,`name`,`path`,`created_at`,`updated_at`,`deleted_at` FROM `permission_info` WHERE (0=1) AND `deleted_at` IS NULL
2023-01-09 11:40:09.856 [DEBU] {5726d406ec8638171ccb9b7a2a5ed00c} [  3 ms] [default] [shop] [rows:1  ] SELECT `id`,`name`,`password`,`role_ids`,`created_at`,`updated_at`,`deleted_at`,`user_salt`,`is_admin` FROM `admin_info` WHERE (`name`='song') AND `deleted_at` IS NULL LIMIT 1
2023-01-09 11:40:09.859 [DEBU] {ec8d1f07ec8638171dcb9b7a0bfbca92} [  1 ms] [default] [shop] [rows:1  ] SELECT `id`,`name`,`password`,`role_ids`,`created_at`,`updated_at`,`deleted_at`,`user_salt`,`is_admin` FROM `admin_info` WHERE (`id`='3') AND `deleted_at` IS NULL LIMIT 1
2023-01-09 11:40:09.860 [DEBU] {465a3907ec8638171ecb9b7a08f9edd3} [  1 ms] [default] [shop] [rows:0  ] SELECT `id`,`role_id`,`permission_id`,`created_at`,`updated_at` FROM `role_permission_info` WHERE `role_id` IN ('2')
2023-01-09 11:40:09.862 [DEBU] {29b05407ec8638171fcb9b7a4bb70ea0} [  1 ms] [default] [shop] [rows:0  ] SELECT `id`,`name`,`path`,`created_at`,`updated_at`,`deleted_at` FROM `permission_info` WHERE (0=1) AND `deleted_at` IS NULL
2023-01-09 11:57:16.352 [DEBU] {300b9206db87381781cf9420d4c9efe5} [  7 ms] [default] [shop] [rows:9  ] SHOW FULL COLUMNS FROM `admin_info`
2023-01-09 11:57:16.353 [DEBU] {dce1fb06db87381782cf9420fe6c5187} [  1 ms] [default] [shop] [rows:1  ] SELECT `id`,`name`,`password`,`role_ids`,`created_at`,`updated_at`,`deleted_at`,`user_salt`,`is_admin` FROM `admin_info` WHERE (`name`='song') AND `deleted_at` IS NULL LIMIT 1
2023-01-09 11:57:16.356 [DEBU] {a8492107db87381783cf94204cb824a5} [  1 ms] [default] [shop] [rows:1  ] SELECT `id`,`name`,`password`,`role_ids`,`created_at`,`updated_at`,`deleted_at`,`user_salt`,`is_admin` FROM `admin_info` WHERE (`id`='3') AND `deleted_at` IS NULL LIMIT 1
2023-01-09 11:57:16.359 [DEBU] {ff803407db87381784cf942006ac4d5b} [  3 ms] [default] [shop] [rows:5  ] SHOW FULL COLUMNS FROM `role_permission_info`
2023-01-09 11:57:16.361 [DEBU] {b98b7207db87381785cf9420125d3121} [  1 ms] [default] [shop] [rows:0  ] SELECT `id`,`role_id`,`permission_id`,`created_at`,`updated_at` FROM `role_permission_info` WHERE `role_id` IN ('2')
2023-01-09 11:57:16.366 [DEBU] {af5a8b07db87381786cf94206645a3bd} [  3 ms] [default] [shop] [rows:6  ] SHOW FULL COLUMNS FROM `permission_info`
2023-01-09 11:57:16.367 [DEBU] {99a9ce07db87381787cf942061f6a6b9} [  1 ms] [default] [shop] [rows:0  ] SELECT `id`,`name`,`path`,`created_at`,`updated_at`,`deleted_at` FROM `permission_info` WHERE (0=1) AND `deleted_at` IS NULL
2023-01-09 12:08:33.771 [DEBU] {38a3efbf78883817c90ed70807ab4f43} [  6 ms] [default] [shop] [rows:9  ] SHOW FULL COLUMNS FROM `admin_info`
2023-01-09 12:08:33.773 [DEBU] {c17c54c078883817ca0ed708b373a29f} [  1 ms] [default] [shop] [rows:1  ] SELECT `id`,`name`,`password`,`role_ids`,`created_at`,`updated_at`,`deleted_at`,`user_salt`,`is_admin` FROM `admin_info` WHERE (`name`='song') AND `deleted_at` IS NULL LIMIT 1
2023-01-09 12:08:33.777 [DEBU] {a01788c078883817cb0ed70807f6224c} [  1 ms] [default] [shop] [rows:1  ] SELECT `id`,`name`,`password`,`role_ids`,`created_at`,`updated_at`,`deleted_at`,`user_salt`,`is_admin` FROM `admin_info` WHERE (`id`='3') AND `deleted_at` IS NULL LIMIT 1
2023-01-09 12:08:33.780 [DEBU] {6186a6c078883817cc0ed70832b60f0a} [  3 ms] [default] [shop] [rows:5  ] SHOW FULL COLUMNS FROM `role_permission_info`
2023-01-09 12:08:33.781 [DEBU] {0d7ed8c078883817cd0ed708b634ebad} [  1 ms] [default] [shop] [rows:0  ] SELECT `id`,`role_id`,`permission_id`,`created_at`,`updated_at` FROM `role_permission_info` WHERE `role_id` IN ('2')
2023-01-09 12:08:33.784 [DEBU] {5b26eac078883817ce0ed708b3d2459a} [  2 ms] [default] [shop] [rows:6  ] SHOW FULL COLUMNS FROM `permission_info`
2023-01-09 12:08:33.785 [DEBU] {a0091ac178883817cf0ed7086c98dc68} [  0 ms] [default] [shop] [rows:0  ] SELECT `id`,`name`,`path`,`created_at`,`updated_at`,`deleted_at` FROM `permission_info` WHERE (0=1) AND `deleted_at` IS NULL
2023-01-09 12:10:07.366 [DEBU] {a665a78a8e8838174a2b783cfcaf5b31} [  5 ms] [default] [shop] [rows:9  ] SHOW FULL COLUMNS FROM `admin_info`
2023-01-09 12:10:07.368 [DEBU] {afc6038b8e8838174b2b783c9d0b778c} [  1 ms] [default] [shop] [rows:1  ] SELECT `id`,`name`,`password`,`role_ids`,`created_at`,`updated_at`,`deleted_at`,`user_salt`,`is_admin` FROM `admin_info` WHERE (`name`='song') AND `deleted_at` IS NULL LIMIT 1
2023-01-09 12:10:07.371 [DEBU] {eeff2e8b8e8838174c2b783cbd0acfb7} [  2 ms] [default] [shop] [rows:1  ] SELECT `id`,`name`,`password`,`role_ids`,`created_at`,`updated_at`,`deleted_at`,`user_salt`,`is_admin` FROM `admin_info` WHERE (`id`='3') AND `deleted_at` IS NULL LIMIT 1
2023-01-09 12:10:07.374 [DEBU] {6d0f478b8e8838174d2b783c4e60bd3d} [  3 ms] [default] [shop] [rows:5  ] SHOW FULL COLUMNS FROM `role_permission_info`
2023-01-09 12:10:07.375 [DEBU] {f542748b8e8838174e2b783c1c8be558} [  1 ms] [default] [shop] [rows:0  ] SELECT `id`,`role_id`,`permission_id`,`created_at`,`updated_at` FROM `role_permission_info` WHERE `role_id` IN ('2')
2023-01-09 12:10:07.378 [DEBU] {fe41888b8e8838174f2b783cdd70a19c} [  3 ms] [default] [shop] [rows:6  ] SHOW FULL COLUMNS FROM `permission_info`
2023-01-09 12:10:07.379 [DEBU] {4e09b68b8e883817502b783cb2a2e6f9} [  1 ms] [default] [shop] [rows:0  ] SELECT `id`,`name`,`path`,`created_at`,`updated_at`,`deleted_at` FROM `permission_info` WHERE (0=1) AND `deleted_at` IS NULL
2023-01-09 12:36:05.265 [DEBU] {5717b344f9893817d4e48016a7e96172} [  5 ms] [default] [shop] [rows:9  ] SHOW FULL COLUMNS FROM `admin_info`
2023-01-09 12:36:05.267 [DEBU] {c2d00d45f9893817d5e48016a11f0027} [  1 ms] [default] [shop] [rows:1  ] SELECT `id`,`name`,`password`,`role_ids`,`created_at`,`updated_at`,`deleted_at`,`user_salt`,`is_admin` FROM `admin_info` WHERE (`name`='song') AND `deleted_at` IS NULL LIMIT 1
2023-01-09 12:36:05.270 [DEBU] {33194245f9893817d6e48016da4c1e59} [  1 ms] [default] [shop] [rows:1  ] SELECT `id`,`name`,`password`,`role_ids`,`created_at`,`updated_at`,`deleted_at`,`user_salt`,`is_admin` FROM `admin_info` WHERE (`id`='3') AND `deleted_at` IS NULL LIMIT 1
2023-01-09 12:36:05.275 [DEBU] {96795845f9893817d7e48016f8650c32} [  4 ms] [default] [shop] [rows:5  ] SHOW FULL COLUMNS FROM `role_permission_info`
2023-01-09 12:36:05.276 [DEBU] {db829845f9893817d8e48016c82c87e4} [  1 ms] [default] [shop] [rows:0  ] SELECT `id`,`role_id`,`permission_id`,`created_at`,`updated_at` FROM `role_permission_info` WHERE `role_id` IN ('2')
2023-01-09 12:36:05.279 [DEBU] {a203af45f9893817d9e48016051dc86f} [  2 ms] [default] [shop] [rows:6  ] SHOW FULL COLUMNS FROM `permission_info`
2023-01-09 12:36:05.280 [DEBU] {2bd9df45f9893817dae48016dde9dc3e} [  0 ms] [default] [shop] [rows:0  ] SELECT `id`,`name`,`path`,`created_at`,`updated_at`,`deleted_at` FROM `permission_info` WHERE (0=1) AND `deleted_at` IS NULL
2023-01-09 12:36:56.999 [DEBU] {3bdb2450058a38176ac9544747cee211} [  7 ms] [default] [shop] [rows:9  ] SHOW FULL COLUMNS FROM `admin_info`
2023-01-09 12:36:57.001 [DEBU] {f7079950058a38176bc954472bb9e329} [  2 ms] [default] [shop] [rows:1  ] SELECT `id`,`name`,`password`,`role_ids`,`created_at`,`updated_at`,`deleted_at`,`user_salt`,`is_admin` FROM `admin_info` WHERE (`name`='song') AND `deleted_at` IS NULL LIMIT 1
2023-01-09 12:36:57.004 [DEBU] {44c0cc50058a38176cc95447f7555124} [  1 ms] [default] [shop] [rows:1  ] SELECT `id`,`name`,`password`,`role_ids`,`created_at`,`updated_at`,`deleted_at`,`user_salt`,`is_admin` FROM `admin_info` WHERE (`id`='3') AND `deleted_at` IS NULL LIMIT 1
2023-01-09 12:36:57.009 [DEBU] {6f84e550058a38176dc954477c92f08f} [  5 ms] [default] [shop] [rows:5  ] SHOW FULL COLUMNS FROM `role_permission_info`
2023-01-09 12:36:57.011 [DEBU] {ff783c51058a38176ec954472c47659c} [  1 ms] [default] [shop] [rows:0  ] SELECT `id`,`role_id`,`permission_id`,`created_at`,`updated_at` FROM `role_permission_info` WHERE `role_id` IN ('2')
2023-01-09 12:36:57.014 [DEBU] {cd155551058a38176fc9544767b462b0} [  2 ms] [default] [shop] [rows:6  ] SHOW FULL COLUMNS FROM `permission_info`
2023-01-09 12:36:57.015 [DEBU] {e26e8551058a381770c9544777127be2} [  0 ms] [default] [shop] [rows:0  ] SELECT `id`,`name`,`path`,`created_at`,`updated_at`,`deleted_at` FROM `permission_info` WHERE (0=1) AND `deleted_at` IS NULL
2023-01-09 12:41:26.930 [DEBU] {b42f6829448a38171030e9545579863c} [  5 ms] [default] [shop] [rows:9  ] SHOW FULL COLUMNS FROM `admin_info`
2023-01-09 12:41:26.933 [DEBU] {a8edc929448a38171130e9549590cc1c} [  2 ms] [default] [shop] [rows:1  ] SELECT `id`,`name`,`password`,`role_ids`,`created_at`,`updated_at`,`deleted_at`,`user_salt`,`is_admin` FROM `admin_info` WHERE (`name`='song') AND `deleted_at` IS NULL LIMIT 1
2023-01-09 12:41:26.936 [DEBU] {2dd4072a448a38171230e9549fafccb9} [  1 ms] [default] [shop] [rows:1  ] SELECT `id`,`name`,`password`,`role_ids`,`created_at`,`updated_at`,`deleted_at`,`user_salt`,`is_admin` FROM `admin_info` WHERE (`id`='3') AND `deleted_at` IS NULL LIMIT 1
2023-01-09 12:41:26.941 [DEBU] {f8fa222a448a38171330e954ce6a30f7} [  4 ms] [default] [shop] [rows:5  ] SHOW FULL COLUMNS FROM `role_permission_info`
2023-01-09 12:41:26.943 [DEBU] {f1c46e2a448a38171430e95493242248} [  1 ms] [default] [shop] [rows:0  ] SELECT `id`,`role_id`,`permission_id`,`created_at`,`updated_at` FROM `role_permission_info` WHERE `role_id` IN ('2')
2023-01-09 12:41:26.947 [DEBU] {0c59862a448a38171530e954bbba8571} [  4 ms] [default] [shop] [rows:6  ] SHOW FULL COLUMNS FROM `permission_info`
2023-01-09 12:41:26.948 [DEBU] {15d5c52a448a38171630e954566d9cbf} [  0 ms] [default] [shop] [rows:0  ] SELECT `id`,`name`,`path`,`created_at`,`updated_at`,`deleted_at` FROM `permission_info` WHERE (0=1) AND `deleted_at` IS NULL
2023-01-09 12:42:02.009 [DEBU] {68b36d544c8a38171a30e9544e9c81b0} [  3 ms] [default] [shop] [rows:1  ] SELECT `id`,`name`,`password`,`role_ids`,`created_at`,`updated_at`,`deleted_at`,`user_salt`,`is_admin` FROM `admin_info` WHERE (`name`='song') AND `deleted_at` IS NULL LIMIT 1
2023-01-09 12:42:13.208 [DEBU] {4c5a11f04e8a38171c30e954f2d9b4d8} [  1 ms] [default] [shop] [rows:1  ] SELECT `id`,`name`,`password`,`role_ids`,`created_at`,`updated_at`,`deleted_at`,`user_salt`,`is_admin` FROM `admin_info` WHERE (`name`='song') AND `deleted_at` IS NULL LIMIT 1
2023-01-09 12:42:36.262 [DEBU] {8860ea4d548a38172509af61bea2945c} [  5 ms] [default] [shop] [rows:9  ] SHOW FULL COLUMNS FROM `admin_info`
2023-01-09 12:42:36.264 [DEBU] {d47c434e548a38172609af61d7ae5a42} [  1 ms] [default] [shop] [rows:1  ] SELECT `id`,`name`,`password`,`role_ids`,`created_at`,`updated_at`,`deleted_at`,`user_salt`,`is_admin` FROM `admin_info` WHERE (`name`='song') AND `deleted_at` IS NULL LIMIT 1
2023-01-09 12:43:40.577 [DEBU] {c2015547638a381776319d7805398165} [  6 ms] [default] [shop] [rows:9  ] SHOW FULL COLUMNS FROM `admin_info`
2023-01-09 12:43:40.579 [DEBU] {aa9cb947638a381777319d78ca3f916e} [  2 ms] [default] [shop] [rows:1  ] SELECT `id`,`name`,`password`,`role_ids`,`created_at`,`updated_at`,`deleted_at`,`user_salt`,`is_admin` FROM `admin_info` WHERE (`name`='song') AND `deleted_at` IS NULL LIMIT 1
2023-01-09 12:45:05.978 [DEBU] {73e6b029778a381709bdb71513b4e572} [  5 ms] [default] [shop] [rows:9  ] SHOW FULL COLUMNS FROM `admin_info`
2023-01-09 12:45:05.980 [DEBU] {70bf0f2a778a38170abdb71539c87d02} [  1 ms] [default] [shop] [rows:1  ] SELECT `id`,`name`,`password`,`role_ids`,`created_at`,`updated_at`,`deleted_at`,`user_salt`,`is_admin` FROM `admin_info` WHERE (`name`='song') AND `deleted_at` IS NULL LIMIT 1
2023-01-09 12:45:05.984 [DEBU] {be4b4e2a778a38170bbdb715c83ee437} [  1 ms] [default] [shop] [rows:1  ] SELECT `id`,`name`,`password`,`role_ids`,`created_at`,`updated_at`,`deleted_at`,`user_salt`,`is_admin` FROM `admin_info` WHERE (`id`='3') AND `deleted_at` IS NULL LIMIT 1
2023-01-09 12:45:05.988 [DEBU] {65eb682a778a38170cbdb7156da7911d} [  3 ms] [default] [shop] [rows:5  ] SHOW FULL COLUMNS FROM `role_permission_info`
2023-01-09 12:45:05.989 [DEBU] {e261982a778a38170dbdb715cbb4d085} [  1 ms] [default] [shop] [rows:0  ] SELECT `id`,`role_id`,`permission_id`,`created_at`,`updated_at` FROM `role_permission_info` WHERE `role_id` IN ('2')
2023-01-09 12:45:05.992 [DEBU] {ac11ad2a778a38170ebdb71537eaa450} [  3 ms] [default] [shop] [rows:6  ] SHOW FULL COLUMNS FROM `permission_info`
2023-01-09 12:45:05.993 [DEBU] {4e3fde2a778a38170fbdb715e255759a} [  0 ms] [default] [shop] [rows:0  ] SELECT `id`,`name`,`path`,`created_at`,`updated_at`,`deleted_at` FROM `permission_info` WHERE (0=1) AND `deleted_at` IS NULL
2023-01-09 12:45:22.251 [DEBU] {dd08e6f37a8a381712bdb715d3a34652} [  1 ms] [default] [shop] [rows:1  ] SELECT `id`,`name`,`password`,`role_ids`,`created_at`,`updated_at`,`deleted_at`,`user_salt`,`is_admin` FROM `admin_info` WHERE (`name`='song') AND `deleted_at` IS NULL LIMIT 1
2023-01-09 12:45:22.254 [DEBU] {de2811f47a8a381713bdb7154810146e} [  1 ms] [default] [shop] [rows:1  ] SELECT `id`,`name`,`password`,`role_ids`,`created_at`,`updated_at`,`deleted_at`,`user_salt`,`is_admin` FROM `admin_info` WHERE (`id`='3') AND `deleted_at` IS NULL LIMIT 1
2023-01-09 12:45:22.255 [DEBU] {39092af47a8a381714bdb715ffcf590f} [  0 ms] [default] [shop] [rows:0  ] SELECT `id`,`role_id`,`permission_id`,`created_at`,`updated_at` FROM `role_permission_info` WHERE `role_id` IN ('2')
2023-01-09 12:45:22.256 [DEBU] {50313cf47a8a381715bdb71585f1faf3} [  0 ms] [default] [shop] [rows:0  ] SELECT `id`,`name`,`path`,`created_at`,`updated_at`,`deleted_at` FROM `permission_info` WHERE (0=1) AND `deleted_at` IS NULL
2023-01-09 12:45:47.339 [DEBU] {1f85f6ca808a38170f9dca59f5986f85} [  6 ms] [default] [shop] [rows:9  ] SHOW FULL COLUMNS FROM `admin_info`
2023-01-09 12:45:47.340 [DEBU] {7d4054cb808a3817109dca59e4bd761e} [  1 ms] [default] [shop] [rows:1  ] SELECT `id`,`name`,`password`,`role_ids`,`created_at`,`updated_at`,`deleted_at`,`user_salt`,`is_admin` FROM `admin_info` WHERE (`name`='song') AND `deleted_at` IS NULL LIMIT 1
2023-01-09 12:45:47.343 [DEBU] {348c87cb808a3817119dca597b701250} [  0 ms] [default] [shop] [rows:1  ] SELECT `id`,`name`,`password`,`role_ids`,`created_at`,`updated_at`,`deleted_at`,`user_salt`,`is_admin` FROM `admin_info` WHERE (`id`='3') AND `deleted_at` IS NULL LIMIT 1
2023-01-09 12:45:47.349 [DEBU] {a024b0cb808a3817129dca599b56c749} [  4 ms] [default] [shop] [rows:5  ] SHOW FULL COLUMNS FROM `role_permission_info`
2023-01-09 12:45:47.350 [DEBU] {8962e7cb808a3817139dca59ea1dd2e7} [  1 ms] [default] [shop] [rows:0  ] SELECT `id`,`role_id`,`permission_id`,`created_at`,`updated_at` FROM `role_permission_info` WHERE `role_id` IN ('2')
2023-01-09 12:45:47.354 [DEBU] {c758ffcb808a3817149dca59a60f35b4} [  3 ms] [default] [shop] [rows:6  ] SHOW FULL COLUMNS FROM `permission_info`
2023-01-09 12:45:47.355 [DEBU] {d1c537cc808a3817159dca591d025622} [  1 ms] [default] [shop] [rows:0  ] SELECT `id`,`name`,`path`,`created_at`,`updated_at`,`deleted_at` FROM `permission_info` WHERE (0=1) AND `deleted_at` IS NULL
2023-01-09 21:35:56.806 [DEBU] {6bc4fd026fa738177cd3c17c6af7be6e} [  5 ms] [default] [shop] [rows:9  ] SHOW FULL COLUMNS FROM `admin_info`
2023-01-09 21:35:56.808 [DEBU] {03d557036fa738177dd3c17c5ea9be9e} [  1 ms] [default] [shop] [rows:1  ] SELECT `id`,`name`,`password`,`role_ids`,`created_at`,`updated_at`,`deleted_at`,`user_salt`,`is_admin` FROM `admin_info` WHERE (`name`='song') AND `deleted_at` IS NULL LIMIT 1
2023-01-09 21:35:56.814 [DEBU] {518cac036fa738177ed3c17cf6ecb601} [  2 ms] [default] [shop] [rows:1  ] SELECT `id`,`name`,`password`,`role_ids`,`created_at`,`updated_at`,`deleted_at`,`user_salt`,`is_admin` FROM `admin_info` WHERE (`id`='3') AND `deleted_at` IS NULL LIMIT 1
2023-01-09 21:35:56.818 [DEBU] {91f4c7036fa738177fd3c17c26baaac4} [  4 ms] [default] [shop] [rows:5  ] SHOW FULL COLUMNS FROM `role_permission_info`
2023-01-09 21:35:56.819 [DEBU] {ac9702046fa7381780d3c17c7150be24} [  1 ms] [default] [shop] [rows:0  ] SELECT `id`,`role_id`,`permission_id`,`created_at`,`updated_at` FROM `role_permission_info` WHERE `role_id` IN ('2')
2023-01-09 21:35:56.823 [DEBU] {b4bd17046fa7381781d3c17cb564fc0e} [  3 ms] [default] [shop] [rows:6  ] SHOW FULL COLUMNS FROM `permission_info`
2023-01-09 21:35:56.824 [DEBU] {d9ab56046fa7381782d3c17c5dd62827} [  0 ms] [default] [shop] [rows:0  ] SELECT `id`,`name`,`path`,`created_at`,`updated_at`,`deleted_at` FROM `permission_info` WHERE (0=1) AND `deleted_at` IS NULL
2023-01-09 21:41:11.384 [DEBU] {3b2c6d41b8a7381784d3c17c902c19c6} [  3 ms] [default] [shop] [rows:1  ] SELECT `id`,`name`,`password`,`role_ids`,`created_at`,`updated_at`,`deleted_at`,`user_salt`,`is_admin` FROM `admin_info` WHERE (`name`='song') AND `deleted_at` IS NULL LIMIT 1
2023-01-09 21:41:11.387 [DEBU] {d846b441b8a7381785d3c17c30d65e81} [  1 ms] [default] [shop] [rows:1  ] SELECT `id`,`name`,`password`,`role_ids`,`created_at`,`updated_at`,`deleted_at`,`user_salt`,`is_admin` FROM `admin_info` WHERE (`id`='3') AND `deleted_at` IS NULL LIMIT 1
2023-01-09 21:41:11.389 [DEBU] {0b5ad141b8a7381786d3c17c3446d0d6} [  1 ms] [default] [shop] [rows:0  ] SELECT `id`,`role_id`,`permission_id`,`created_at`,`updated_at` FROM `role_permission_info` WHERE `role_id` IN ('2')
2023-01-09 21:41:11.390 [DEBU] {8e11ec41b8a7381787d3c17c92306f38} [  1 ms] [default] [shop] [rows:0  ] SELECT `id`,`name`,`path`,`created_at`,`updated_at`,`deleted_at` FROM `permission_info` WHERE (0=1) AND `deleted_at` IS NULL
